<?xml version="1.0" encoding="UTF-8"?>
<testng-results skipped="0" failed="0" ignored="0" total="1" passed="1">
  <reporter-output>
  </reporter-output>
  <suite name="Default suite" duration-ms="10366" started-at="2020-10-12T16:11:40Z" finished-at="2020-10-12T16:11:51Z">
    <groups>
    </groups>
    <test name="Default test" duration-ms="10366" started-at="2020-10-12T16:11:40Z" finished-at="2020-10-12T16:11:51Z">
      <class name="com.framework.tests.TestPartTwo">
        <test-method status="PASS" signature="beforeSuite()[pri:0, instance:com.framework.tests.TestPartTwo@3aefe5e5]" name="beforeSuite" is-config="true" duration-ms="3575" started-at="2020-10-12T16:11:37Z" finished-at="2020-10-12T16:11:40Z">
          <reporter-output>
          </reporter-output>
        </test-method> <!-- beforeSuite -->
        <test-method status="PASS" signature="productOverviewTest()[pri:0, instance:com.framework.tests.TestPartTwo@3aefe5e5]" name="productOverviewTest" duration-ms="10350" started-at="2020-10-12T16:11:40Z" finished-at="2020-10-12T16:11:51Z">
          <reporter-output>
          </reporter-output>
        </test-method> <!-- productOverviewTest -->
        <test-method status="PASS" signature="afterSuite()[pri:0, instance:com.framework.tests.TestPartTwo@3aefe5e5]" name="afterSuite" is-config="true" duration-ms="628" started-at="2020-10-12T16:11:51Z" finished-at="2020-10-12T16:11:51Z">
          <reporter-output>
          </reporter-output>
        </test-method> <!-- afterSuite -->
      </class> <!-- com.framework.tests.TestPartTwo -->
    </test> <!-- Default test -->
  </suite> <!-- Default suite -->
</testng-results>
